# JRE version: OpenJDK Runtime Environment (8.0_202) (build 1.8.0_202-release-1483-b49-5587405)
# Java VM: OpenJDK 64-Bit Server VM (25.202-b49-5587405 mixed mode linux-amd64 compressed oops)
Heap:
 PSYoungGen      total 248832K, used 14833K [0x00000000d5580000, 0x00000000e5b80000, 0x0000000100000000)
  eden space 233984K, 0% used [0x00000000d5580000,0x00000000d5580000,0x00000000e3a00000)
  from space 14848K, 99% used [0x00000000e3e80000,0x00000000e4cfc4f0,0x00000000e4d00000)
  to   space 12288K, 0% used [0x00000000e4f80000,0x00000000e4f80000,0x00000000e5b80000)
 ParOldGen       total 60928K, used 43921K [0x0000000080000000, 0x0000000083b80000, 0x00000000d5580000)
  object space 60928K, 72% used [0x0000000080000000,0x0000000082ae47a0,0x0000000083b80000)
 Metaspace       used 56828K, capacity 58926K, committed 59028K, reserved 1099776K
  class space    used 7787K, capacity 8357K, committed 8448K, reserved 1048576K
GC Heap History (10 events):
Event: 14.669 GC heap after
Heap after GC invocations=6 (full 1):
 PSYoungGen      total 68608K, used 0K [0x00000000d5580000, 0x00000000de580000, 0x0000000100000000)
  eden space 63488K, 0% used [0x00000000d5580000,0x00000000d5580000,0x00000000d9380000)
  from space 5120K, 0% used [0x00000000d9380000,0x00000000d9380000,0x00000000d9880000)
  to   space 10240K, 0% used [0x00000000ddb80000,0x00000000ddb80000,0x00000000de580000)
 ParOldGen       total 46592K, used 8804K [0x0000000080000000, 0x0000000082d80000, 0x00000000d5580000)
  object space 46592K, 18% used [0x0000000080000000,0x0000000080899000,0x0000000082d80000)
 Metaspace       used 20746K, capacity 21070K, committed 21248K, reserved 1067008K
  class space    used 2904K, capacity 3049K, committed 3072K, reserved 1048576K
}
Event: 18.152 GC heap before
{Heap before GC invocations=7 (full 1):
 PSYoungGen      total 68608K, used 63488K [0x00000000d5580000, 0x00000000de580000, 0x0000000100000000)
  eden space 63488K, 100% used [0x00000000d5580000,0x00000000d9380000,0x00000000d9380000)
  from space 5120K, 0% used [0x00000000d9380000,0x00000000d9380000,0x00000000d9880000)
  to   space 10240K, 0% used [0x00000000ddb80000,0x00000000ddb80000,0x00000000de580000)
 ParOldGen       total 46592K, used 8804K [0x0000000080000000, 0x0000000082d80000, 0x00000000d5580000)
  object space 46592K, 18% used [0x0000000080000000,0x0000000080899000,0x0000000082d80000)
 Metaspace       used 26160K, capacity 26536K, committed 26752K, reserved 1073152K
  class space    used 3594K, capacity 3710K, committed 3712K, reserved 1048576K
Event: 18.157 GC heap after
Heap after GC invocations=7 (full 1):
 PSYoungGen      total 132096K, used 6489K [0x00000000d5580000, 0x00000000de280000, 0x0000000100000000)
  eden space 124928K, 0% used [0x00000000d5580000,0x00000000d5580000,0x00000000dcf80000)
  from space 7168K, 90% used [0x00000000ddb80000,0x00000000de1d6628,0x00000000de280000)
  to   space 9728K, 0% used [0x00000000dcf80000,0x00000000dcf80000,0x00000000dd900000)
 ParOldGen       total 46592K, used 8812K [0x0000000080000000, 0x0000000082d80000, 0x00000000d5580000)
  object space 46592K, 18% used [0x0000000080000000,0x000000008089b000,0x0000000082d80000)
 Metaspace       used 26160K, capacity 26536K, committed 26752K, reserved 1073152K
  class space    used 3594K, capacity 3710K, committed 3712K, reserved 1048576K
}
Event: 22.340 GC heap before
{Heap before GC invocations=8 (full 1):
 PSYoungGen      total 132096K, used 105834K [0x00000000d5580000, 0x00000000de280000, 0x0000000100000000)
  eden space 124928K, 79% used [0x00000000d5580000,0x00000000db6844c8,0x00000000dcf80000)
  from space 7168K, 90% used [0x00000000ddb80000,0x00000000de1d6628,0x00000000de280000)
  to   space 9728K, 0% used [0x00000000dcf80000,0x00000000dcf80000,0x00000000dd900000)
 ParOldGen       total 46592K, used 8812K [0x0000000080000000, 0x0000000082d80000, 0x00000000d5580000)
  object space 46592K, 18% used [0x0000000080000000,0x000000008089b000,0x0000000082d80000)
 Metaspace       used 34606K, capacity 35286K, committed 35416K, reserved 1079296K
  class space    used 4729K, capacity 4985K, committed 4992K, reserved 1048576K
Event: 22.355 GC heap after
Heap after GC invocations=8 (full 1):
 PSYoungGen      total 134656K, used 9717K [0x00000000d5580000, 0x00000000e5b80000, 0x0000000100000000)
  eden space 124928K, 0% used [0x00000000d5580000,0x00000000d5580000,0x00000000dcf80000)
  from space 9728K, 99% used [0x00000000dcf80000,0x00000000dd8fd640,0x00000000dd900000)
  to   space 12288K, 0% used [0x00000000e4f80000,0x00000000e4f80000,0x00000000e5b80000)
 ParOldGen       total 46592K, used 11822K [0x0000000080000000, 0x0000000082d80000, 0x00000000d5580000)
  object space 46592K, 25% used [0x0000000080000000,0x0000000080b8bb50,0x0000000082d80000)
 Metaspace       used 34606K, capacity 35286K, committed 35416K, reserved 1079296K
  class space    used 4729K, capacity 4985K, committed 4992K, reserved 1048576K
}
Event: 22.355 GC heap before
{Heap before GC invocations=9 (full 2):
 PSYoungGen      total 134656K, used 9717K [0x00000000d5580000, 0x00000000e5b80000, 0x0000000100000000)
  eden space 124928K, 0% used [0x00000000d5580000,0x00000000d5580000,0x00000000dcf80000)
  from space 9728K, 99% used [0x00000000dcf80000,0x00000000dd8fd640,0x00000000dd900000)
  to   space 12288K, 0% used [0x00000000e4f80000,0x00000000e4f80000,0x00000000e5b80000)
 ParOldGen       total 46592K, used 11822K [0x0000000080000000, 0x0000000082d80000, 0x00000000d5580000)
  object space 46592K, 25% used [0x0000000080000000,0x0000000080b8bb50,0x0000000082d80000)
 Metaspace       used 34606K, capacity 35286K, committed 35416K, reserved 1079296K
  class space    used 4729K, capacity 4985K, committed 4992K, reserved 1048576K
Event: 22.412 GC heap after
Heap after GC invocations=9 (full 2):
 PSYoungGen      total 134656K, used 0K [0x00000000d5580000, 0x00000000e5b80000, 0x0000000100000000)
  eden space 124928K, 0% used [0x00000000d5580000,0x00000000d5580000,0x00000000dcf80000)
  from space 9728K, 0% used [0x00000000dcf80000,0x00000000dcf80000,0x00000000dd900000)
  to   space 12288K, 0% used [0x00000000e4f80000,0x00000000e4f80000,0x00000000e5b80000)
 ParOldGen       total 60928K, used 19331K [0x0000000080000000, 0x0000000083b80000, 0x00000000d5580000)
  object space 60928K, 31% used [0x0000000080000000,0x00000000812e0cd0,0x0000000083b80000)
 Metaspace       used 34606K, capacity 35286K, committed 35416K, reserved 1079296K
  class space    used 4729K, capacity 4985K, committed 4992K, reserved 1048576K
}
Event: 26.656 GC heap before
{Heap before GC invocations=10 (full 2):
 PSYoungGen      total 134656K, used 124928K [0x00000000d5580000, 0x00000000e5b80000, 0x0000000100000000)
  eden space 124928K, 100% used [0x00000000d5580000,0x00000000dcf80000,0x00000000dcf80000)
  from space 9728K, 0% used [0x00000000dcf80000,0x00000000dcf80000,0x00000000dd900000)
  to   space 12288K, 0% used [0x00000000e4f80000,0x00000000e4f80000,0x00000000e5b80000)
 ParOldGen       total 60928K, used 19331K [0x0000000080000000, 0x0000000083b80000, 0x00000000d5580000)
  object space 60928K, 31% used [0x0000000080000000,0x00000000812e0cd0,0x0000000083b80000)
 Metaspace       used 41420K, capacity 42334K, committed 42584K, reserved 1085440K
  class space    used 5586K, capacity 5905K, committed 6016K, reserved 1048576K
Event: 26.679 GC heap after
Heap after GC invocations=10 (full 2):
 PSYoungGen      total 246272K, used 12284K [0x00000000d5580000, 0x00000000e5b80000, 0x0000000100000000)
  eden space 233984K, 0% used [0x00000000d5580000,0x00000000d5580000,0x00000000e3a00000)
  from space 12288K, 99% used [0x00000000e4f80000,0x00000000e5b7f020,0x00000000e5b80000)
  to   space 14848K, 0% used [0x00000000e3e80000,0x00000000e3e80000,0x00000000e4d00000)
 ParOldGen       total 60928K, used 21184K [0x0000000080000000, 0x0000000083b80000, 0x00000000d5580000)
  object space 60928K, 34% used [0x0000000080000000,0x00000000814b0080,0x0000000083b80000)
 Metaspace       used 41420K, capacity 42334K, committed 42584K, reserved 1085440K
  class space    used 5586K, capacity 5905K, committed 6016K, reserved 1048576K
}
Event: 32.728 GC heap before
{Heap before GC invocations=11 (full 2):
 PSYoungGen      total 246272K, used 246268K [0x00000000d5580000, 0x00000000e5b80000, 0x0000000100000000)
  eden space 233984K, 100% used [0x00000000d5580000,0x00000000e3a00000,0x00000000e3a00000)
  from space 12288K, 99% used [0x00000000e4f80000,0x00000000e5b7f020,0x00000000e5b80000)
  to   space 14848K, 0% used [0x00000000e3e80000,0x00000000e3e80000,0x00000000e4d00000)
 ParOldGen       total 60928K, used 21184K [0x0000000080000000, 0x0000000083b80000, 0x00000000d5580000)
  object space 60928K, 34% used [0x0000000080000000,0x00000000814b0080,0x0000000083b80000)
 Metaspace       used 56828K, capacity 58926K, committed 59028K, reserved 1099776K
  class space    used 7787K, capacity 8357K, committed 8448K, reserved 1048576K

